TN:
SF:src\router.ts
FN:92,(anonymous_0)
FN:136,(anonymous_1)
FNF:2
FNH:2
FNDA:4,(anonymous_0)
FNDA:5,(anonymous_1)
DA:1,2
DA:2,2
DA:3,2
DA:4,2
DA:6,2
DA:32,2
DA:52,2
DA:85,2
DA:92,4
DA:128,2
DA:136,5
DA:186,2
DA:219,2
DA:253,2
LF:14
LH:14
BRF:0
BRH:0
end_of_record
TN:
SF:src\server.ts
FN:8,connectDb
FNF:1
FNH:1
FNDA:3,connectDb
DA:1,2
DA:2,2
DA:3,2
DA:4,2
DA:5,2
DA:6,2
DA:8,2
DA:9,3
DA:10,3
DA:11,2
DA:14,1
DA:18,2
DA:20,2
DA:21,2
DA:23,2
DA:25,2
DA:26,2
LF:17
LH:17
BRF:0
BRH:0
end_of_record
TN:
SF:src\config\db.ts
FNF:0
FNH:0
DA:1,2
DA:2,2
DA:4,2
DA:5,2
DA:10,2
LF:5
LH:5
BRF:0
BRH:0
end_of_record
TN:
SF:src\config\swagger.ts
FNF:0
FNH:0
DA:1,2
DA:4,2
DA:24,2
DA:25,2
DA:39,2
DA:41,2
LF:6
LH:6
BRF:0
BRH:0
end_of_record
TN:
SF:src\handlers\product.ts
FN:4,(anonymous_1)
FN:13,(anonymous_2)
FN:26,(anonymous_3)
FN:32,(anonymous_4)
FN:48,(anonymous_5)
FN:64,(anonymous_6)
FNF:6
FNH:6
FNDA:2,(anonymous_1)
FNDA:2,(anonymous_2)
FNDA:1,(anonymous_3)
FNDA:2,(anonymous_4)
FNDA:2,(anonymous_5)
FNDA:2,(anonymous_6)
DA:2,2
DA:4,2
DA:5,2
DA:10,2
DA:13,2
DA:14,2
DA:15,2
DA:17,2
DA:18,1
DA:23,1
DA:26,2
DA:27,1
DA:29,1
DA:32,2
DA:33,2
DA:34,2
DA:36,2
DA:37,1
DA:42,1
DA:43,1
DA:45,1
DA:48,2
DA:49,2
DA:50,2
DA:52,2
DA:53,1
DA:58,1
DA:59,1
DA:61,1
DA:64,2
DA:65,2
DA:66,2
DA:68,2
DA:69,1
DA:74,1
DA:75,1
LF:36
LH:36
BRDA:17,0,0,1
BRDA:36,1,0,1
BRDA:52,2,0,1
BRDA:68,3,0,1
BRF:4
BRH:4
end_of_record
TN:
SF:src\middleware\index.ts
FN:4,(anonymous_0)
FNF:1
FNH:1
FNDA:17,(anonymous_0)
DA:2,2
DA:4,2
DA:5,17
DA:6,17
DA:7,8
DA:9,9
LF:6
LH:6
BRDA:6,0,0,8
BRF:1
BRH:1
end_of_record
TN:
SF:src\models\Product.model.ts
FNF:0
FNH:0
DA:1,3
DA:7,3
DA:11,3
DA:16,3
DA:22,3
DA:25,3
LF:6
LH:6
BRF:0
BRH:0
end_of_record
